2019-07-01 10:56:37.516 [restartedMain] INFO  com.myFirst.first.FirstApplication - Starting FirstApplication on SKY-20180121KYF with PID 25232 (C:\Users\Administrator\Desktop\springboot\first\target\classes started by Administrator in C:\Users\Administrator\Desktop\springboot\first)
2019-07-01 10:56:37.520 [restartedMain] INFO  com.myFirst.first.FirstApplication - No active profile set, falling back to default profiles: default
2019-07-01 10:56:37.750 [restartedMain] INFO  o.s.b.d.env.DevToolsPropertyDefaultsPostProcessor - Devtools property defaults active! Set 'spring.devtools.add-properties' to 'false' to disable
2019-07-01 10:56:37.750 [restartedMain] INFO  o.s.b.d.env.DevToolsPropertyDefaultsPostProcessor - For additional web related logging consider setting the 'logging.level.web' property to 'DEBUG'
2019-07-01 10:56:40.698 [restartedMain] INFO  o.s.boot.web.embedded.tomcat.TomcatWebServer - Tomcat initialized with port(s): 8080 (http)
2019-07-01 10:56:40.812 [restartedMain] INFO  org.apache.catalina.core.StandardService - Starting service [Tomcat]
2019-07-01 10:56:40.812 [restartedMain] INFO  org.apache.catalina.core.StandardEngine - Starting Servlet engine: [Apache Tomcat/9.0.21]
2019-07-01 10:56:41.175 [restartedMain] INFO  o.a.c.core.ContainerBase.[Tomcat].[localhost].[/] - Initializing Spring embedded WebApplicationContext
2019-07-01 10:56:41.176 [restartedMain] INFO  org.springframework.web.context.ContextLoader - Root WebApplicationContext: initialization completed in 3426 ms
2019-07-01 10:56:42.045 [restartedMain] INFO  o.s.scheduling.concurrent.ThreadPoolTaskExecutor - Initializing ExecutorService 'applicationTaskExecutor'
2019-07-01 10:56:42.714 [restartedMain] INFO  o.s.b.d.autoconfigure.OptionalLiveReloadServer - LiveReload server is running on port 35729
2019-07-01 10:56:42.865 [restartedMain] INFO  o.s.boot.web.embedded.tomcat.TomcatWebServer - Tomcat started on port(s): 8080 (http) with context path ''
2019-07-01 10:56:42.869 [restartedMain] INFO  com.myFirst.first.FirstApplication - Started FirstApplication in 6.032 seconds (JVM running for 10.115)
2019-07-01 10:57:38.109 [http-nio-8080-exec-1] INFO  o.a.c.core.ContainerBase.[Tomcat].[localhost].[/] - Initializing Spring DispatcherServlet 'dispatcherServlet'
2019-07-01 10:57:38.110 [http-nio-8080-exec-1] INFO  org.springframework.web.servlet.DispatcherServlet - Initializing Servlet 'dispatcherServlet'
2019-07-01 10:57:38.149 [http-nio-8080-exec-1] INFO  org.springframework.web.servlet.DispatcherServlet - Completed initialization in 39 ms
2019-07-01 10:58:14.442 [http-nio-8080-exec-4] INFO  com.zaxxer.hikari.HikariDataSource - HikariPool-1 - Starting...
2019-07-01 10:58:14.731 [http-nio-8080-exec-4] INFO  com.zaxxer.hikari.HikariDataSource - HikariPool-1 - Start completed.
2019-07-01 10:58:14.821 [http-nio-8080-exec-4] INFO  dfdgdf - 这是一个测试!
2019-07-01 10:58:14.822 [http-nio-8080-exec-4] WARN  dfdgdf - 这是一个测试!
2019-07-01 10:58:14.822 [http-nio-8080-exec-4] ERROR dfdgdf - 这是一个测试!
2019-07-01 10:59:39.558 [http-nio-8080-exec-7] INFO  dfdgdf - 这是一个测试!
2019-07-01 10:59:39.558 [http-nio-8080-exec-7] WARN  dfdgdf - 这是一个测试!
2019-07-01 10:59:39.558 [http-nio-8080-exec-7] ERROR dfdgdf - 这是一个测试!
2019-07-01 11:00:33.576 [http-nio-8080-exec-3] INFO  dfdgdf - 这是一个测试!
2019-07-01 11:00:33.577 [http-nio-8080-exec-3] WARN  dfdgdf - 这是一个测试!
2019-07-01 11:00:33.577 [http-nio-8080-exec-3] ERROR dfdgdf - 这是一个测试!
2019-07-01 11:00:36.824 [Thread-21] INFO  o.s.scheduling.concurrent.ThreadPoolTaskExecutor - Shutting down ExecutorService 'applicationTaskExecutor'
2019-07-01 11:00:36.826 [Thread-21] INFO  com.zaxxer.hikari.HikariDataSource - HikariPool-1 - Shutdown initiated...
2019-07-01 11:00:36.844 [Thread-21] INFO  com.zaxxer.hikari.HikariDataSource - HikariPool-1 - Shutdown completed.
2019-07-01 11:00:44.603 [restartedMain] INFO  com.myFirst.first.FirstApplication - Starting FirstApplication on SKY-20180121KYF with PID 86052 (C:\Users\Administrator\Desktop\springboot\first\target\classes started by Administrator in C:\Users\Administrator\Desktop\springboot\first)
2019-07-01 11:00:44.603 [restartedMain] INFO  com.myFirst.first.FirstApplication - No active profile set, falling back to default profiles: default
2019-07-01 11:00:44.650 [restartedMain] INFO  o.s.b.d.env.DevToolsPropertyDefaultsPostProcessor - Devtools property defaults active! Set 'spring.devtools.add-properties' to 'false' to disable
2019-07-01 11:00:44.665 [restartedMain] INFO  o.s.b.d.env.DevToolsPropertyDefaultsPostProcessor - For additional web related logging consider setting the 'logging.level.web' property to 'DEBUG'
2019-07-01 11:00:46.358 [restartedMain] INFO  o.s.boot.web.embedded.tomcat.TomcatWebServer - Tomcat initialized with port(s): 8080 (http)
2019-07-01 11:00:46.389 [restartedMain] INFO  org.apache.catalina.core.StandardService - Starting service [Tomcat]
2019-07-01 11:00:46.389 [restartedMain] INFO  org.apache.catalina.core.StandardEngine - Starting Servlet engine: [Apache Tomcat/9.0.21]
2019-07-01 11:00:46.514 [restartedMain] INFO  o.a.c.core.ContainerBase.[Tomcat].[localhost].[/] - Initializing Spring embedded WebApplicationContext
2019-07-01 11:00:46.514 [restartedMain] INFO  org.springframework.web.context.ContextLoader - Root WebApplicationContext: initialization completed in 1849 ms
2019-07-01 11:00:47.158 [restartedMain] INFO  o.s.scheduling.concurrent.ThreadPoolTaskExecutor - Initializing ExecutorService 'applicationTaskExecutor'
2019-07-01 11:00:47.756 [restartedMain] INFO  o.s.b.d.autoconfigure.OptionalLiveReloadServer - LiveReload server is running on port 35729
2019-07-01 11:00:47.852 [restartedMain] INFO  o.s.boot.web.embedded.tomcat.TomcatWebServer - Tomcat started on port(s): 8080 (http) with context path ''
2019-07-01 11:00:47.857 [restartedMain] INFO  com.myFirst.first.FirstApplication - Started FirstApplication in 5.318 seconds (JVM running for 7.083)
2019-07-01 11:01:20.653 [http-nio-8080-exec-1] INFO  o.a.c.core.ContainerBase.[Tomcat].[localhost].[/] - Initializing Spring DispatcherServlet 'dispatcherServlet'
2019-07-01 11:01:20.653 [http-nio-8080-exec-1] INFO  org.springframework.web.servlet.DispatcherServlet - Initializing Servlet 'dispatcherServlet'
2019-07-01 11:01:20.664 [http-nio-8080-exec-1] INFO  org.springframework.web.servlet.DispatcherServlet - Completed initialization in 11 ms
2019-07-01 11:01:49.028 [http-nio-8080-exec-1] INFO  com.zaxxer.hikari.HikariDataSource - HikariPool-1 - Starting...
2019-07-01 11:01:49.090 [Thread-17] INFO  o.s.scheduling.concurrent.ThreadPoolTaskExecutor - Shutting down ExecutorService 'applicationTaskExecutor'
2019-07-01 11:01:49.286 [http-nio-8080-exec-1] INFO  com.zaxxer.hikari.HikariDataSource - HikariPool-1 - Start completed.
2019-07-01 11:01:49.434 [http-nio-8080-exec-1] INFO  dfdgdf - 这是一个测试!
2019-07-01 11:01:49.435 [http-nio-8080-exec-1] WARN  dfdgdf - 这是一个测试!
2019-07-01 11:01:49.435 [http-nio-8080-exec-1] ERROR dfdgdf - 这是一个测试!
2019-07-01 11:02:16.008 [restartedMain] INFO  com.myFirst.first.FirstApplication - Starting FirstApplication on SKY-20180121KYF with PID 104644 (C:\Users\Administrator\Desktop\springboot\first\target\classes started by Administrator in C:\Users\Administrator\Desktop\springboot\first)
2019-07-01 11:02:16.011 [restartedMain] INFO  com.myFirst.first.FirstApplication - No active profile set, falling back to default profiles: default
2019-07-01 11:02:16.254 [restartedMain] INFO  o.s.b.d.env.DevToolsPropertyDefaultsPostProcessor - Devtools property defaults active! Set 'spring.devtools.add-properties' to 'false' to disable
2019-07-01 11:02:16.254 [restartedMain] INFO  o.s.b.d.env.DevToolsPropertyDefaultsPostProcessor - For additional web related logging consider setting the 'logging.level.web' property to 'DEBUG'
2019-07-01 11:02:18.537 [restartedMain] INFO  o.s.boot.web.embedded.tomcat.TomcatWebServer - Tomcat initialized with port(s): 8080 (http)
2019-07-01 11:02:18.569 [restartedMain] INFO  org.apache.catalina.core.StandardService - Starting service [Tomcat]
2019-07-01 11:02:18.569 [restartedMain] INFO  org.apache.catalina.core.StandardEngine - Starting Servlet engine: [Apache Tomcat/9.0.21]
2019-07-01 11:02:18.740 [restartedMain] INFO  o.a.c.core.ContainerBase.[Tomcat].[localhost].[/] - Initializing Spring embedded WebApplicationContext
2019-07-01 11:02:18.740 [restartedMain] INFO  org.springframework.web.context.ContextLoader - Root WebApplicationContext: initialization completed in 2486 ms
2019-07-01 11:02:19.240 [restartedMain] INFO  o.s.scheduling.concurrent.ThreadPoolTaskExecutor - Initializing ExecutorService 'applicationTaskExecutor'
2019-07-01 11:02:19.664 [restartedMain] INFO  o.s.b.d.autoconfigure.OptionalLiveReloadServer - LiveReload server is running on port 35729
2019-07-01 11:02:19.742 [restartedMain] INFO  o.s.boot.web.embedded.tomcat.TomcatWebServer - Tomcat started on port(s): 8080 (http) with context path ''
2019-07-01 11:02:19.742 [restartedMain] INFO  com.myFirst.first.FirstApplication - Started FirstApplication in 4.6 seconds (JVM running for 5.738)
2019-07-01 11:02:31.365 [http-nio-8080-exec-1] INFO  o.a.c.core.ContainerBase.[Tomcat].[localhost].[/] - Initializing Spring DispatcherServlet 'dispatcherServlet'
2019-07-01 11:02:31.366 [http-nio-8080-exec-1] INFO  org.springframework.web.servlet.DispatcherServlet - Initializing Servlet 'dispatcherServlet'
2019-07-01 11:02:31.375 [http-nio-8080-exec-1] INFO  org.springframework.web.servlet.DispatcherServlet - Completed initialization in 9 ms
2019-07-01 11:02:38.939 [http-nio-8080-exec-1] INFO  com.zaxxer.hikari.HikariDataSource - HikariPool-1 - Starting...
2019-07-01 11:02:39.109 [http-nio-8080-exec-1] INFO  com.zaxxer.hikari.HikariDataSource - HikariPool-1 - Start completed.
2019-07-01 11:02:39.164 [http-nio-8080-exec-1] INFO  dfdgdf - 这是一个测试!
2019-07-01 11:02:39.164 [http-nio-8080-exec-1] WARN  dfdgdf - 这是一个测试!
2019-07-01 11:02:39.164 [http-nio-8080-exec-1] ERROR dfdgdf - 这是一个测试!
2019-07-01 11:02:51.456 [http-nio-8080-exec-3] INFO  dfdgdf - 这是一个测试!
2019-07-01 11:02:51.456 [http-nio-8080-exec-3] WARN  dfdgdf - 这是一个测试!
2019-07-01 11:02:51.457 [http-nio-8080-exec-3] ERROR dfdgdf - 这是一个测试!
2019-07-01 11:15:59.592 [http-nio-8080-exec-6] INFO  org.apache.coyote.http11.Http11Processor - Error parsing HTTP request header
 Note: further occurrences of HTTP request parsing errors will be logged at DEBUG level.
java.lang.IllegalArgumentException: Invalid character found in method name. HTTP method names must be tokens
	at org.apache.coyote.http11.Http11InputBuffer.parseRequestLine(Http11InputBuffer.java:415)
	at org.apache.coyote.http11.Http11Processor.service(Http11Processor.java:294)
	at org.apache.coyote.AbstractProcessorLight.process(AbstractProcessorLight.java:66)
	at org.apache.coyote.AbstractProtocol$ConnectionHandler.process(AbstractProtocol.java:853)
	at org.apache.tomcat.util.net.NioEndpoint$SocketProcessor.doRun(NioEndpoint.java:1587)
	at org.apache.tomcat.util.net.SocketProcessorBase.run(SocketProcessorBase.java:49)
	at java.util.concurrent.ThreadPoolExecutor.runWorker(ThreadPoolExecutor.java:1149)
	at java.util.concurrent.ThreadPoolExecutor$Worker.run(ThreadPoolExecutor.java:624)
	at org.apache.tomcat.util.threads.TaskThread$WrappingRunnable.run(TaskThread.java:61)
	at java.lang.Thread.run(Thread.java:748)
2019-07-01 13:39:48.531 [HikariPool-1 housekeeper] WARN  com.zaxxer.hikari.pool.HikariPool - HikariPool-1 - Thread starvation or clock leap detected (housekeeper delta=49m7s766ms720?s932ns).
2019-07-01 18:19:28.908 [Thread-15] INFO  o.s.scheduling.concurrent.ThreadPoolTaskExecutor - Shutting down ExecutorService 'applicationTaskExecutor'
2019-07-01 18:19:28.908 [Thread-15] INFO  com.zaxxer.hikari.HikariDataSource - HikariPool-1 - Shutdown initiated...
2019-07-01 18:19:28.908 [Thread-15] INFO  com.zaxxer.hikari.HikariDataSource - HikariPool-1 - Shutdown completed.
